[3.532s] Invoking command in '/home/altair/gaitame/build/gaitamepkg': PYTHONPATH=/home/altair/gaitame/build/gaitamepkg/prefix_override:/usr/lib/python3/dist-packages/colcon_core/task/python/colcon_distutils_commands:/home/altair/gaitame/install/gaitamepkg/lib/python3.10/site-packages:${PYTHONPATH} /usr/bin/python3 -W ignore:setup.py install is deprecated -W ignore:easy_install command is deprecated setup.py develop --editable --build-directory /home/altair/gaitame/build/gaitamepkg/build --no-deps symlink_data
[4.192s] /home/altair/.local/lib/python3.10/site-packages/setuptools/_distutils/dist.py:261: UserWarning: Unknown distribution option: 'tests_require'
[4.192s]   warnings.warn(msg)
[5.058s] running develop
[6.199s] running egg_info
[6.279s] writing gaitamepkg.egg-info/PKG-INFO
[6.280s] writing dependency_links to gaitamepkg.egg-info/dependency_links.txt
[6.280s] writing entry points to gaitamepkg.egg-info/entry_points.txt
[6.280s] writing requirements to gaitamepkg.egg-info/requires.txt
[6.281s] writing top-level names to gaitamepkg.egg-info/top_level.txt
[6.391s] reading manifest file 'gaitamepkg.egg-info/SOURCES.txt'
[6.392s] writing manifest file 'gaitamepkg.egg-info/SOURCES.txt'
[6.616s] running build_ext
[6.618s] Creating /home/altair/gaitame/install/gaitamepkg/lib/python3.10/site-packages/gaitamepkg.egg-link (link to .)
[6.629s] Installing rviznode script to /home/altair/gaitame/install/gaitamepkg/lib/gaitamepkg
[6.629s] Installing serialnode script to /home/altair/gaitame/install/gaitamepkg/lib/gaitamepkg
[6.630s] 
[6.630s] Installed /home/altair/gaitame/build/gaitamepkg
[6.630s] running symlink_data
[6.738s] Invoked command in '/home/altair/gaitame/build/gaitamepkg' returned '0': PYTHONPATH=/home/altair/gaitame/build/gaitamepkg/prefix_override:/usr/lib/python3/dist-packages/colcon_core/task/python/colcon_distutils_commands:/home/altair/gaitame/install/gaitamepkg/lib/python3.10/site-packages:${PYTHONPATH} /usr/bin/python3 -W ignore:setup.py install is deprecated -W ignore:easy_install command is deprecated setup.py develop --editable --build-directory /home/altair/gaitame/build/gaitamepkg/build --no-deps symlink_data
