[2.802s] Invoking command in '/home/altair/gaitame/build/gaitamepkg': PYTHONPATH=/home/altair/gaitame/build/gaitamepkg/prefix_override:/usr/lib/python3/dist-packages/colcon_core/task/python/colcon_distutils_commands:/home/altair/gaitame/install/gaitamepkg/lib/python3.10/site-packages:${PYTHONPATH} /usr/bin/python3 -W ignore:setup.py install is deprecated -W ignore:easy_install command is deprecated setup.py develop --editable --build-directory /home/altair/gaitame/build/gaitamepkg/build --no-deps symlink_data
[3.184s] /home/altair/.local/lib/python3.10/site-packages/setuptools/_distutils/dist.py:261: UserWarning: Unknown distribution option: 'tests_require'
[3.184s]   warnings.warn(msg)
[3.736s] running develop
[4.286s] running egg_info
[4.342s] writing gaitamepkg.egg-info/PKG-INFO
[4.343s] writing dependency_links to gaitamepkg.egg-info/dependency_links.txt
[4.343s] writing entry points to gaitamepkg.egg-info/entry_points.txt
[4.343s] writing requirements to gaitamepkg.egg-info/requires.txt
[4.343s] writing top-level names to gaitamepkg.egg-info/top_level.txt
[4.464s] reading manifest file 'gaitamepkg.egg-info/SOURCES.txt'
[4.470s] writing manifest file 'gaitamepkg.egg-info/SOURCES.txt'
[4.561s] running build_ext
[4.561s] Creating /home/altair/gaitame/install/gaitamepkg/lib/python3.10/site-packages/gaitamepkg.egg-link (link to .)
[4.563s] Installing rviznode script to /home/altair/gaitame/install/gaitamepkg/lib/gaitamepkg
[4.569s] Installing serialnode script to /home/altair/gaitame/install/gaitamepkg/lib/gaitamepkg
[4.572s] 
[4.574s] Installed /home/altair/gaitame/build/gaitamepkg
[4.575s] running symlink_data
[4.625s] Invoked command in '/home/altair/gaitame/build/gaitamepkg' returned '0': PYTHONPATH=/home/altair/gaitame/build/gaitamepkg/prefix_override:/usr/lib/python3/dist-packages/colcon_core/task/python/colcon_distutils_commands:/home/altair/gaitame/install/gaitamepkg/lib/python3.10/site-packages:${PYTHONPATH} /usr/bin/python3 -W ignore:setup.py install is deprecated -W ignore:easy_install command is deprecated setup.py develop --editable --build-directory /home/altair/gaitame/build/gaitamepkg/build --no-deps symlink_data
