[3.059s] Invoking command in '/home/altair/gaitame/build/gaitamepkg': PYTHONPATH=/home/altair/gaitame/build/gaitamepkg/prefix_override:/usr/lib/python3/dist-packages/colcon_core/task/python/colcon_distutils_commands:/home/altair/gaitame/install/gaitamepkg/lib/python3.10/site-packages:${PYTHONPATH} /usr/bin/python3 -W ignore:setup.py install is deprecated -W ignore:easy_install command is deprecated setup.py develop --editable --build-directory /home/altair/gaitame/build/gaitamepkg/build --no-deps symlink_data
[3.491s] /home/altair/.local/lib/python3.10/site-packages/setuptools/_distutils/dist.py:261: UserWarning: Unknown distribution option: 'tests_require'
[3.492s]   warnings.warn(msg)
[3.954s] running develop
[4.876s] running egg_info
[5.007s] writing gaitamepkg.egg-info/PKG-INFO
[5.013s] writing dependency_links to gaitamepkg.egg-info/dependency_links.txt
[5.020s] writing entry points to gaitamepkg.egg-info/entry_points.txt
[5.022s] writing requirements to gaitamepkg.egg-info/requires.txt
[5.023s] writing top-level names to gaitamepkg.egg-info/top_level.txt
[5.213s] reading manifest file 'gaitamepkg.egg-info/SOURCES.txt'
[5.216s] writing manifest file 'gaitamepkg.egg-info/SOURCES.txt'
[5.486s] running build_ext
[5.487s] Creating /home/altair/gaitame/install/gaitamepkg/lib/python3.10/site-packages/gaitamepkg.egg-link (link to .)
[5.490s] Installing rviznode script to /home/altair/gaitame/install/gaitamepkg/lib/gaitamepkg
[5.491s] Installing serialnode script to /home/altair/gaitame/install/gaitamepkg/lib/gaitamepkg
[5.493s] 
[5.493s] Installed /home/altair/gaitame/build/gaitamepkg
[5.493s] running symlink_data
[5.692s] Invoked command in '/home/altair/gaitame/build/gaitamepkg' returned '0': PYTHONPATH=/home/altair/gaitame/build/gaitamepkg/prefix_override:/usr/lib/python3/dist-packages/colcon_core/task/python/colcon_distutils_commands:/home/altair/gaitame/install/gaitamepkg/lib/python3.10/site-packages:${PYTHONPATH} /usr/bin/python3 -W ignore:setup.py install is deprecated -W ignore:easy_install command is deprecated setup.py develop --editable --build-directory /home/altair/gaitame/build/gaitamepkg/build --no-deps symlink_data
