[0.373s] DEBUG:colcon:Command line arguments: ['/usr/bin/colcon', 'build', '--symlink-install']
[0.374s] DEBUG:colcon:Parsed command line arguments: Namespace(log_base=None, log_level=None, verb_name='build', build_base='build', install_base='install', merge_install=False, symlink_install=True, test_result_base=None, continue_on_error=False, executor='parallel', parallel_workers=8, event_handlers=None, ignore_user_meta=False, metas=['./colcon.meta'], base_paths=['.'], packages_ignore=None, packages_ignore_regex=None, paths=None, packages_up_to=None, packages_up_to_regex=None, packages_above=None, packages_above_and_dependencies=None, packages_above_depth=None, packages_select_by_dep=None, packages_skip_by_dep=None, packages_skip_up_to=None, packages_select_build_failed=False, packages_skip_build_finished=False, packages_select_test_failures=False, packages_skip_test_passed=False, packages_select=None, packages_skip=None, packages_select_regex=None, packages_skip_regex=None, packages_start=None, packages_end=None, allow_overriding=[], cmake_args=None, cmake_target=None, cmake_target_skip_unavailable=False, cmake_clean_cache=False, cmake_clean_first=False, cmake_force_configure=False, ament_cmake_args=None, catkin_cmake_args=None, catkin_skip_building_tests=False, mixin_files=None, mixin=None, verb_parser=<colcon_mixin.mixin.mixin_argument.MixinArgumentDecorator object at 0x7b36d7a92fe0>, verb_extension=<colcon_core.verb.build.BuildVerb object at 0x7b36d7a92a70>, main=<bound method BuildVerb.main of <colcon_core.verb.build.BuildVerb object at 0x7b36d7a92a70>>, mixin_verb=('build',))
[0.489s] Level 1:colcon.colcon_core.package_discovery:discover_packages(colcon_meta) check parameters
[0.490s] Level 1:colcon.colcon_core.package_discovery:discover_packages(recursive) check parameters
[0.491s] Level 1:colcon.colcon_core.package_discovery:discover_packages(ignore) check parameters
[0.492s] Level 1:colcon.colcon_core.package_discovery:discover_packages(path) check parameters
[0.492s] Level 1:colcon.colcon_core.package_discovery:discover_packages(colcon_meta) discover
[0.493s] Level 1:colcon.colcon_core.package_discovery:discover_packages(recursive) discover
[0.494s] INFO:colcon.colcon_core.package_discovery:Crawling recursively for packages in '/home/altair/gaitame'
[0.494s] Level 1:colcon.colcon_core.package_identification:_identify(.) by extensions ['ignore', 'ignore_ament_install']
[0.495s] Level 1:colcon.colcon_core.package_identification:_identify(.) by extension 'ignore'
[0.496s] Level 1:colcon.colcon_core.package_identification:_identify(.) by extension 'ignore_ament_install'
[0.497s] Level 1:colcon.colcon_core.package_identification:_identify(.) by extensions ['colcon_pkg']
[0.497s] Level 1:colcon.colcon_core.package_identification:_identify(.) by extension 'colcon_pkg'
[0.497s] Level 1:colcon.colcon_core.package_identification:_identify(.) by extensions ['colcon_meta']
[0.498s] Level 1:colcon.colcon_core.package_identification:_identify(.) by extension 'colcon_meta'
[0.498s] Level 1:colcon.colcon_core.package_identification:_identify(.) by extensions ['ros']
[0.498s] Level 1:colcon.colcon_core.package_identification:_identify(.) by extension 'ros'
[0.517s] Level 1:colcon.colcon_core.package_identification:_identify(.) by extensions ['cmake', 'python']
[0.517s] Level 1:colcon.colcon_core.package_identification:_identify(.) by extension 'cmake'
[0.517s] Level 1:colcon.colcon_core.package_identification:_identify(.) by extension 'python'
[0.518s] Level 1:colcon.colcon_core.package_identification:_identify(.) by extensions ['python_setup_py']
[0.518s] Level 1:colcon.colcon_core.package_identification:_identify(.) by extension 'python_setup_py'
[0.518s] Level 1:colcon.colcon_core.package_identification:_identify(build) by extensions ['ignore', 'ignore_ament_install']
[0.518s] Level 1:colcon.colcon_core.package_identification:_identify(build) by extension 'ignore'
[0.518s] Level 1:colcon.colcon_core.package_identification:_identify(build) ignored
[0.518s] Level 1:colcon.colcon_core.package_identification:_identify(gaitame) by extensions ['ignore', 'ignore_ament_install']
[0.518s] Level 1:colcon.colcon_core.package_identification:_identify(gaitame) by extension 'ignore'
[0.518s] Level 1:colcon.colcon_core.package_identification:_identify(gaitame) by extension 'ignore_ament_install'
[0.518s] Level 1:colcon.colcon_core.package_identification:_identify(gaitame) by extensions ['colcon_pkg']
[0.518s] Level 1:colcon.colcon_core.package_identification:_identify(gaitame) by extension 'colcon_pkg'
[0.518s] Level 1:colcon.colcon_core.package_identification:_identify(gaitame) by extensions ['colcon_meta']
[0.518s] Level 1:colcon.colcon_core.package_identification:_identify(gaitame) by extension 'colcon_meta'
[0.518s] Level 1:colcon.colcon_core.package_identification:_identify(gaitame) by extensions ['ros']
[0.519s] Level 1:colcon.colcon_core.package_identification:_identify(gaitame) by extension 'ros'
[0.519s] Level 1:colcon.colcon_core.package_identification:_identify(gaitame) by extensions ['cmake', 'python']
[0.519s] Level 1:colcon.colcon_core.package_identification:_identify(gaitame) by extension 'cmake'
[0.519s] Level 1:colcon.colcon_core.package_identification:_identify(gaitame) by extension 'python'
[0.519s] Level 1:colcon.colcon_core.package_identification:_identify(gaitame) by extensions ['python_setup_py']
[0.519s] Level 1:colcon.colcon_core.package_identification:_identify(gaitame) by extension 'python_setup_py'
[0.519s] Level 1:colcon.colcon_core.package_identification:_identify(install) by extensions ['ignore', 'ignore_ament_install']
[0.519s] Level 1:colcon.colcon_core.package_identification:_identify(install) by extension 'ignore'
[0.519s] Level 1:colcon.colcon_core.package_identification:_identify(install) ignored
[0.519s] Level 1:colcon.colcon_core.package_identification:_identify(launch) by extensions ['ignore', 'ignore_ament_install']
[0.519s] Level 1:colcon.colcon_core.package_identification:_identify(launch) by extension 'ignore'
[0.519s] Level 1:colcon.colcon_core.package_identification:_identify(launch) by extension 'ignore_ament_install'
[0.520s] Level 1:colcon.colcon_core.package_identification:_identify(launch) by extensions ['colcon_pkg']
[0.520s] Level 1:colcon.colcon_core.package_identification:_identify(launch) by extension 'colcon_pkg'
[0.520s] Level 1:colcon.colcon_core.package_identification:_identify(launch) by extensions ['colcon_meta']
[0.520s] Level 1:colcon.colcon_core.package_identification:_identify(launch) by extension 'colcon_meta'
[0.520s] Level 1:colcon.colcon_core.package_identification:_identify(launch) by extensions ['ros']
[0.520s] Level 1:colcon.colcon_core.package_identification:_identify(launch) by extension 'ros'
[0.520s] Level 1:colcon.colcon_core.package_identification:_identify(launch) by extensions ['cmake', 'python']
[0.520s] Level 1:colcon.colcon_core.package_identification:_identify(launch) by extension 'cmake'
[0.520s] Level 1:colcon.colcon_core.package_identification:_identify(launch) by extension 'python'
[0.520s] Level 1:colcon.colcon_core.package_identification:_identify(launch) by extensions ['python_setup_py']
[0.520s] Level 1:colcon.colcon_core.package_identification:_identify(launch) by extension 'python_setup_py'
[0.520s] Level 1:colcon.colcon_core.package_identification:_identify(launch/__pycache__) by extensions ['ignore', 'ignore_ament_install']
[0.521s] Level 1:colcon.colcon_core.package_identification:_identify(launch/__pycache__) by extension 'ignore'
[0.521s] Level 1:colcon.colcon_core.package_identification:_identify(launch/__pycache__) by extension 'ignore_ament_install'
[0.521s] Level 1:colcon.colcon_core.package_identification:_identify(launch/__pycache__) by extensions ['colcon_pkg']
[0.521s] Level 1:colcon.colcon_core.package_identification:_identify(launch/__pycache__) by extension 'colcon_pkg'
[0.521s] Level 1:colcon.colcon_core.package_identification:_identify(launch/__pycache__) by extensions ['colcon_meta']
[0.521s] Level 1:colcon.colcon_core.package_identification:_identify(launch/__pycache__) by extension 'colcon_meta'
[0.521s] Level 1:colcon.colcon_core.package_identification:_identify(launch/__pycache__) by extensions ['ros']
[0.521s] Level 1:colcon.colcon_core.package_identification:_identify(launch/__pycache__) by extension 'ros'
[0.521s] Level 1:colcon.colcon_core.package_identification:_identify(launch/__pycache__) by extensions ['cmake', 'python']
[0.521s] Level 1:colcon.colcon_core.package_identification:_identify(launch/__pycache__) by extension 'cmake'
[0.521s] Level 1:colcon.colcon_core.package_identification:_identify(launch/__pycache__) by extension 'python'
[0.521s] Level 1:colcon.colcon_core.package_identification:_identify(launch/__pycache__) by extensions ['python_setup_py']
[0.521s] Level 1:colcon.colcon_core.package_identification:_identify(launch/__pycache__) by extension 'python_setup_py'
[0.522s] Level 1:colcon.colcon_core.package_identification:_identify(log) by extensions ['ignore', 'ignore_ament_install']
[0.522s] Level 1:colcon.colcon_core.package_identification:_identify(log) by extension 'ignore'
[0.522s] Level 1:colcon.colcon_core.package_identification:_identify(log) ignored
[0.522s] Level 1:colcon.colcon_core.package_identification:_identify(src) by extensions ['ignore', 'ignore_ament_install']
[0.522s] Level 1:colcon.colcon_core.package_identification:_identify(src) by extension 'ignore'
[0.522s] Level 1:colcon.colcon_core.package_identification:_identify(src) by extension 'ignore_ament_install'
[0.522s] Level 1:colcon.colcon_core.package_identification:_identify(src) by extensions ['colcon_pkg']
[0.522s] Level 1:colcon.colcon_core.package_identification:_identify(src) by extension 'colcon_pkg'
[0.522s] Level 1:colcon.colcon_core.package_identification:_identify(src) by extensions ['colcon_meta']
[0.523s] Level 1:colcon.colcon_core.package_identification:_identify(src) by extension 'colcon_meta'
[0.523s] Level 1:colcon.colcon_core.package_identification:_identify(src) by extensions ['ros']
[0.523s] Level 1:colcon.colcon_core.package_identification:_identify(src) by extension 'ros'
[0.523s] Level 1:colcon.colcon_core.package_identification:_identify(src) by extensions ['cmake', 'python']
[0.523s] Level 1:colcon.colcon_core.package_identification:_identify(src) by extension 'cmake'
[0.523s] Level 1:colcon.colcon_core.package_identification:_identify(src) by extension 'python'
[0.523s] Level 1:colcon.colcon_core.package_identification:_identify(src) by extensions ['python_setup_py']
[0.523s] Level 1:colcon.colcon_core.package_identification:_identify(src) by extension 'python_setup_py'
[0.523s] Level 1:colcon.colcon_core.package_identification:_identify(src/gaitamepkg) by extensions ['ignore', 'ignore_ament_install']
[0.523s] Level 1:colcon.colcon_core.package_identification:_identify(src/gaitamepkg) by extension 'ignore'
[0.523s] Level 1:colcon.colcon_core.package_identification:_identify(src/gaitamepkg) by extension 'ignore_ament_install'
[0.524s] Level 1:colcon.colcon_core.package_identification:_identify(src/gaitamepkg) by extensions ['colcon_pkg']
[0.524s] Level 1:colcon.colcon_core.package_identification:_identify(src/gaitamepkg) by extension 'colcon_pkg'
[0.524s] Level 1:colcon.colcon_core.package_identification:_identify(src/gaitamepkg) by extensions ['colcon_meta']
[0.524s] Level 1:colcon.colcon_core.package_identification:_identify(src/gaitamepkg) by extension 'colcon_meta'
[0.524s] Level 1:colcon.colcon_core.package_identification:_identify(src/gaitamepkg) by extensions ['ros']
[0.524s] Level 1:colcon.colcon_core.package_identification:_identify(src/gaitamepkg) by extension 'ros'
[0.527s] DEBUG:colcon.colcon_core.package_identification:Package 'src/gaitamepkg' with type 'ros.ament_python' and name 'gaitamepkg'
[0.527s] Level 1:colcon.colcon_core.package_discovery:discover_packages(recursive) using defaults
[0.527s] Level 1:colcon.colcon_core.package_discovery:discover_packages(ignore) discover
[0.528s] Level 1:colcon.colcon_core.package_discovery:discover_packages(ignore) using defaults
[0.528s] Level 1:colcon.colcon_core.package_discovery:discover_packages(path) discover
[0.528s] Level 1:colcon.colcon_core.package_discovery:discover_packages(path) using defaults
[0.551s] Level 1:colcon.colcon_core.package_discovery:discover_packages(prefix_path) check parameters
[0.551s] Level 1:colcon.colcon_core.package_discovery:discover_packages(prefix_path) discover
[0.567s] DEBUG:colcon.colcon_installed_package_information.package_discovery:Found 334 installed packages in /opt/ros/humble
[0.585s] Level 1:colcon.colcon_core.package_discovery:discover_packages(prefix_path) using defaults
[0.709s] Level 5:colcon.colcon_core.verb:set package 'gaitamepkg' build argument 'cmake_args' from command line to 'None'
[0.709s] Level 5:colcon.colcon_core.verb:set package 'gaitamepkg' build argument 'cmake_target' from command line to 'None'
[0.709s] Level 5:colcon.colcon_core.verb:set package 'gaitamepkg' build argument 'cmake_target_skip_unavailable' from command line to 'False'
[0.709s] Level 5:colcon.colcon_core.verb:set package 'gaitamepkg' build argument 'cmake_clean_cache' from command line to 'False'
[0.710s] Level 5:colcon.colcon_core.verb:set package 'gaitamepkg' build argument 'cmake_clean_first' from command line to 'False'
[0.710s] Level 5:colcon.colcon_core.verb:set package 'gaitamepkg' build argument 'cmake_force_configure' from command line to 'False'
[0.710s] Level 5:colcon.colcon_core.verb:set package 'gaitamepkg' build argument 'ament_cmake_args' from command line to 'None'
[0.710s] Level 5:colcon.colcon_core.verb:set package 'gaitamepkg' build argument 'catkin_cmake_args' from command line to 'None'
[0.710s] Level 5:colcon.colcon_core.verb:set package 'gaitamepkg' build argument 'catkin_skip_building_tests' from command line to 'False'
[0.710s] DEBUG:colcon.colcon_core.verb:Building package 'gaitamepkg' with the following arguments: {'ament_cmake_args': None, 'build_base': '/home/altair/gaitame/build/gaitamepkg', 'catkin_cmake_args': None, 'catkin_skip_building_tests': False, 'cmake_args': None, 'cmake_clean_cache': False, 'cmake_clean_first': False, 'cmake_force_configure': False, 'cmake_target': None, 'cmake_target_skip_unavailable': False, 'install_base': '/home/altair/gaitame/install/gaitamepkg', 'merge_install': False, 'path': '/home/altair/gaitame/src/gaitamepkg', 'symlink_install': True, 'test_result_base': None}
[0.710s] INFO:colcon.colcon_core.executor:Executing jobs using 'parallel' executor
[0.718s] DEBUG:colcon.colcon_parallel_executor.executor.parallel:run_until_complete
[0.720s] INFO:colcon.colcon_ros.task.ament_python.build:Building ROS package in '/home/altair/gaitame/src/gaitamepkg' with build type 'ament_python'
[0.722s] Level 1:colcon.colcon_core.shell:create_environment_hook('gaitamepkg', 'ament_prefix_path')
[0.728s] INFO:colcon.colcon_core.plugin_system:Skipping extension 'colcon_core.shell.bat': Not used on non-Windows systems
[0.728s] INFO:colcon.colcon_core.shell:Creating environment hook '/home/altair/gaitame/install/gaitamepkg/share/gaitamepkg/hook/ament_prefix_path.ps1'
[0.729s] INFO:colcon.colcon_core.shell:Creating environment descriptor '/home/altair/gaitame/install/gaitamepkg/share/gaitamepkg/hook/ament_prefix_path.dsv'
[0.729s] INFO:colcon.colcon_core.shell:Creating environment hook '/home/altair/gaitame/install/gaitamepkg/share/gaitamepkg/hook/ament_prefix_path.sh'
[0.730s] INFO:colcon.colcon_core.shell:Skip shell extension 'powershell' for command environment: Not usable outside of PowerShell
[0.730s] DEBUG:colcon.colcon_core.shell:Skip shell extension 'dsv' for command environment
[1.523s] INFO:colcon.colcon_core.task.python.build:Building Python package in '/home/altair/gaitame/src/gaitamepkg'
[1.527s] INFO:colcon.colcon_core.shell:Skip shell extension 'powershell' for command environment: Not usable outside of PowerShell
[1.528s] DEBUG:colcon.colcon_core.shell:Skip shell extension 'dsv' for command environment
[3.552s] DEBUG:colcon.colcon_core.event_handler.log_command:Invoking command in '/home/altair/gaitame/build/gaitamepkg': PYTHONPATH=/home/altair/gaitame/build/gaitamepkg/prefix_override:/usr/lib/python3/dist-packages/colcon_core/task/python/colcon_distutils_commands:/home/altair/gaitame/install/gaitamepkg/lib/python3.10/site-packages:${PYTHONPATH} /usr/bin/python3 -W ignore:setup.py install is deprecated -W ignore:easy_install command is deprecated setup.py develop --editable --build-directory /home/altair/gaitame/build/gaitamepkg/build --no-deps symlink_data
[5.642s] Level 1:colcon.colcon_core.shell:create_environment_hook('gaitamepkg', 'pythonpath_develop')
[5.643s] DEBUG:colcon.colcon_core.event_handler.log_command:Invoked command in '/home/altair/gaitame/build/gaitamepkg' returned '0': PYTHONPATH=/home/altair/gaitame/build/gaitamepkg/prefix_override:/usr/lib/python3/dist-packages/colcon_core/task/python/colcon_distutils_commands:/home/altair/gaitame/install/gaitamepkg/lib/python3.10/site-packages:${PYTHONPATH} /usr/bin/python3 -W ignore:setup.py install is deprecated -W ignore:easy_install command is deprecated setup.py develop --editable --build-directory /home/altair/gaitame/build/gaitamepkg/build --no-deps symlink_data
[5.643s] INFO:colcon.colcon_core.shell:Creating environment hook '/home/altair/gaitame/build/gaitamepkg/share/gaitamepkg/hook/pythonpath_develop.ps1'
[5.644s] INFO:colcon.colcon_core.shell:Creating environment descriptor '/home/altair/gaitame/build/gaitamepkg/share/gaitamepkg/hook/pythonpath_develop.dsv'
[5.644s] INFO:colcon.colcon_core.shell:Creating environment hook '/home/altair/gaitame/build/gaitamepkg/share/gaitamepkg/hook/pythonpath_develop.sh'
[5.661s] Level 1:colcon.colcon_core.environment:checking '/home/altair/gaitame/install/gaitamepkg' for CMake module files
[5.662s] Level 1:colcon.colcon_core.environment:checking '/home/altair/gaitame/install/gaitamepkg' for CMake config files
[5.663s] Level 1:colcon.colcon_core.environment:checking '/home/altair/gaitame/install/gaitamepkg/lib'
[5.664s] Level 1:colcon.colcon_core.environment:checking '/home/altair/gaitame/install/gaitamepkg/bin'
[5.664s] Level 1:colcon.colcon_core.environment:checking '/home/altair/gaitame/install/gaitamepkg/lib/pkgconfig/gaitamepkg.pc'
[5.664s] Level 1:colcon.colcon_core.environment:checking '/home/altair/gaitame/install/gaitamepkg/lib/python3.10/site-packages'
[5.664s] Level 1:colcon.colcon_core.shell:create_environment_hook('gaitamepkg', 'pythonpath')
[5.665s] INFO:colcon.colcon_core.shell:Creating environment hook '/home/altair/gaitame/install/gaitamepkg/share/gaitamepkg/hook/pythonpath.ps1'
[5.665s] INFO:colcon.colcon_core.shell:Creating environment descriptor '/home/altair/gaitame/install/gaitamepkg/share/gaitamepkg/hook/pythonpath.dsv'
[5.666s] INFO:colcon.colcon_core.shell:Creating environment hook '/home/altair/gaitame/install/gaitamepkg/share/gaitamepkg/hook/pythonpath.sh'
[5.666s] Level 1:colcon.colcon_core.environment:checking '/home/altair/gaitame/install/gaitamepkg/bin'
[5.667s] Level 1:colcon.colcon_core.environment:create_environment_scripts_only(gaitamepkg)
[5.667s] INFO:colcon.colcon_core.shell:Creating package script '/home/altair/gaitame/install/gaitamepkg/share/gaitamepkg/package.ps1'
[5.668s] INFO:colcon.colcon_core.shell:Creating package descriptor '/home/altair/gaitame/install/gaitamepkg/share/gaitamepkg/package.dsv'
[5.669s] INFO:colcon.colcon_core.shell:Creating package script '/home/altair/gaitame/install/gaitamepkg/share/gaitamepkg/package.sh'
[5.670s] INFO:colcon.colcon_core.shell:Creating package script '/home/altair/gaitame/install/gaitamepkg/share/gaitamepkg/package.bash'
[5.671s] INFO:colcon.colcon_core.shell:Creating package script '/home/altair/gaitame/install/gaitamepkg/share/gaitamepkg/package.zsh'
[5.672s] Level 1:colcon.colcon_core.environment:create_file_with_runtime_dependencies(/home/altair/gaitame/install/gaitamepkg/share/colcon-core/packages/gaitamepkg)
[5.672s] DEBUG:colcon.colcon_parallel_executor.executor.parallel:closing loop
[5.672s] DEBUG:colcon.colcon_parallel_executor.executor.parallel:loop closed
[5.672s] DEBUG:colcon.colcon_parallel_executor.executor.parallel:run_until_complete finished with '0'
[5.672s] DEBUG:colcon.colcon_core.event_reactor:joining thread
[5.678s] INFO:colcon.colcon_core.plugin_system:Skipping extension 'colcon_notification.desktop_notification.terminal_notifier': Not used on non-Darwin systems
[5.678s] INFO:colcon.colcon_core.plugin_system:Skipping extension 'colcon_notification.desktop_notification.win32': Not used on non-Windows systems
[5.678s] INFO:colcon.colcon_notification.desktop_notification:Sending desktop notification using 'notify2'
[5.707s] DEBUG:colcon.colcon_core.event_reactor:joined thread
[5.707s] INFO:colcon.colcon_core.shell:Creating prefix script '/home/altair/gaitame/install/local_setup.ps1'
[5.708s] INFO:colcon.colcon_core.shell:Creating prefix util module '/home/altair/gaitame/install/_local_setup_util_ps1.py'
[5.710s] INFO:colcon.colcon_core.shell:Creating prefix chain script '/home/altair/gaitame/install/setup.ps1'
[5.712s] INFO:colcon.colcon_core.shell:Creating prefix script '/home/altair/gaitame/install/local_setup.sh'
[5.713s] INFO:colcon.colcon_core.shell:Creating prefix util module '/home/altair/gaitame/install/_local_setup_util_sh.py'
[5.714s] INFO:colcon.colcon_core.shell:Creating prefix chain script '/home/altair/gaitame/install/setup.sh'
[5.716s] INFO:colcon.colcon_core.shell:Creating prefix script '/home/altair/gaitame/install/local_setup.bash'
[5.716s] INFO:colcon.colcon_core.shell:Creating prefix chain script '/home/altair/gaitame/install/setup.bash'
[5.717s] INFO:colcon.colcon_core.shell:Creating prefix script '/home/altair/gaitame/install/local_setup.zsh'
[5.718s] INFO:colcon.colcon_core.shell:Creating prefix chain script '/home/altair/gaitame/install/setup.zsh'
