[3.895s] Invoking command in '/home/altair/gaitame/build/gaitamepkg': PYTHONPATH=/home/altair/gaitame/build/gaitamepkg/prefix_override:/usr/lib/python3/dist-packages/colcon_core/task/python/colcon_distutils_commands:/home/altair/gaitame/install/gaitamepkg/lib/python3.10/site-packages:${PYTHONPATH} /usr/bin/python3 -W ignore:setup.py install is deprecated -W ignore:easy_install command is deprecated setup.py develop --editable --build-directory /home/altair/gaitame/build/gaitamepkg/build --no-deps symlink_data
[4.236s] /home/altair/.local/lib/python3.10/site-packages/setuptools/_distutils/dist.py:261: UserWarning: Unknown distribution option: 'tests_require'
[4.236s]   warnings.warn(msg)
[5.094s] running develop
[6.399s] running egg_info
[6.479s] writing gaitamepkg.egg-info/PKG-INFO
[6.479s] writing dependency_links to gaitamepkg.egg-info/dependency_links.txt
[6.480s] writing entry points to gaitamepkg.egg-info/entry_points.txt
[6.480s] writing requirements to gaitamepkg.egg-info/requires.txt
[6.480s] writing top-level names to gaitamepkg.egg-info/top_level.txt
[6.756s] reading manifest file 'gaitamepkg.egg-info/SOURCES.txt'
[6.769s] writing manifest file 'gaitamepkg.egg-info/SOURCES.txt'
[7.014s] running build_ext
[7.016s] Creating /home/altair/gaitame/install/gaitamepkg/lib/python3.10/site-packages/gaitamepkg.egg-link (link to .)
[7.028s] Installing rviznode script to /home/altair/gaitame/install/gaitamepkg/lib/gaitamepkg
[7.031s] Installing serialnode script to /home/altair/gaitame/install/gaitamepkg/lib/gaitamepkg
[7.034s] 
[7.035s] Installed /home/altair/gaitame/build/gaitamepkg
[7.036s] running symlink_data
[7.185s] Invoked command in '/home/altair/gaitame/build/gaitamepkg' returned '0': PYTHONPATH=/home/altair/gaitame/build/gaitamepkg/prefix_override:/usr/lib/python3/dist-packages/colcon_core/task/python/colcon_distutils_commands:/home/altair/gaitame/install/gaitamepkg/lib/python3.10/site-packages:${PYTHONPATH} /usr/bin/python3 -W ignore:setup.py install is deprecated -W ignore:easy_install command is deprecated setup.py develop --editable --build-directory /home/altair/gaitame/build/gaitamepkg/build --no-deps symlink_data
