[4.364s] Invoking command in '/home/altair/gaitame/build/gaitamepkg': PYTHONPATH=/home/altair/gaitame/build/gaitamepkg/prefix_override:/usr/lib/python3/dist-packages/colcon_core/task/python/colcon_distutils_commands:/home/altair/gaitame/install/gaitamepkg/lib/python3.10/site-packages:${PYTHONPATH} /usr/bin/python3 -W ignore:setup.py install is deprecated -W ignore:easy_install command is deprecated setup.py develop --editable --build-directory /home/altair/gaitame/build/gaitamepkg/build --no-deps symlink_data
[4.727s] /home/altair/.local/lib/python3.10/site-packages/setuptools/_distutils/dist.py:261: UserWarning: Unknown distribution option: 'tests_require'
[4.727s]   warnings.warn(msg)
[5.864s] running develop
[7.571s] running egg_info
[7.664s] writing gaitamepkg.egg-info/PKG-INFO
[7.668s] writing dependency_links to gaitamepkg.egg-info/dependency_links.txt
[7.670s] writing entry points to gaitamepkg.egg-info/entry_points.txt
[7.672s] writing requirements to gaitamepkg.egg-info/requires.txt
[7.674s] writing top-level names to gaitamepkg.egg-info/top_level.txt
[7.868s] reading manifest file 'gaitamepkg.egg-info/SOURCES.txt'
[7.869s] writing manifest file 'gaitamepkg.egg-info/SOURCES.txt'
[7.941s] running build_ext
[7.941s] Creating /home/altair/gaitame/install/gaitamepkg/lib/python3.10/site-packages/gaitamepkg.egg-link (link to .)
[7.942s] Installing rviznode script to /home/altair/gaitame/install/gaitamepkg/lib/gaitamepkg
[7.942s] Installing serialnode script to /home/altair/gaitame/install/gaitamepkg/lib/gaitamepkg
[7.943s] 
[7.943s] Installed /home/altair/gaitame/build/gaitamepkg
[7.943s] running symlink_data
[7.992s] Invoked command in '/home/altair/gaitame/build/gaitamepkg' returned '0': PYTHONPATH=/home/altair/gaitame/build/gaitamepkg/prefix_override:/usr/lib/python3/dist-packages/colcon_core/task/python/colcon_distutils_commands:/home/altair/gaitame/install/gaitamepkg/lib/python3.10/site-packages:${PYTHONPATH} /usr/bin/python3 -W ignore:setup.py install is deprecated -W ignore:easy_install command is deprecated setup.py develop --editable --build-directory /home/altair/gaitame/build/gaitamepkg/build --no-deps symlink_data
