[5.906s] Invoking command in '/home/altair/gaitame/build/gaitamepkg': PYTHONPATH=/home/altair/gaitame/build/gaitamepkg/prefix_override:/usr/lib/python3/dist-packages/colcon_core/task/python/colcon_distutils_commands:/home/altair/gaitame/install/gaitamepkg/lib/python3.10/site-packages:${PYTHONPATH} /usr/bin/python3 -W ignore:setup.py install is deprecated -W ignore:easy_install command is deprecated setup.py develop --editable --build-directory /home/altair/gaitame/build/gaitamepkg/build --no-deps symlink_data
[6.531s] /home/altair/.local/lib/python3.10/site-packages/setuptools/_distutils/dist.py:261: UserWarning: Unknown distribution option: 'tests_require'
[6.531s]   warnings.warn(msg)
[8.105s] running develop
[9.827s] running egg_info
[9.927s] writing gaitamepkg.egg-info/PKG-INFO
[9.932s] writing dependency_links to gaitamepkg.egg-info/dependency_links.txt
[9.935s] writing entry points to gaitamepkg.egg-info/entry_points.txt
[9.938s] writing requirements to gaitamepkg.egg-info/requires.txt
[9.939s] writing top-level names to gaitamepkg.egg-info/top_level.txt
[10.203s] reading manifest file 'gaitamepkg.egg-info/SOURCES.txt'
[10.209s] writing manifest file 'gaitamepkg.egg-info/SOURCES.txt'
[10.499s] running build_ext
[10.500s] Creating /home/altair/gaitame/install/gaitamepkg/lib/python3.10/site-packages/gaitamepkg.egg-link (link to .)
[10.512s] Installing rviznode script to /home/altair/gaitame/install/gaitamepkg/lib/gaitamepkg
[10.512s] Installing serialnode script to /home/altair/gaitame/install/gaitamepkg/lib/gaitamepkg
[10.513s] 
[10.513s] Installed /home/altair/gaitame/build/gaitamepkg
[10.513s] running symlink_data
[10.776s] Invoked command in '/home/altair/gaitame/build/gaitamepkg' returned '0': PYTHONPATH=/home/altair/gaitame/build/gaitamepkg/prefix_override:/usr/lib/python3/dist-packages/colcon_core/task/python/colcon_distutils_commands:/home/altair/gaitame/install/gaitamepkg/lib/python3.10/site-packages:${PYTHONPATH} /usr/bin/python3 -W ignore:setup.py install is deprecated -W ignore:easy_install command is deprecated setup.py develop --editable --build-directory /home/altair/gaitame/build/gaitamepkg/build --no-deps symlink_data
