[1.447s] Invoking command in '/home/altair/gaitame/build/gaitamepkg': PYTHONPATH=/home/altair/gaitame/build/gaitamepkg/prefix_override:/usr/lib/python3/dist-packages/colcon_core/task/python/colcon_distutils_commands:/home/altair/gaitame/install/gaitamepkg/lib/python3.10/site-packages:${PYTHONPATH} /usr/bin/python3 -W ignore:setup.py install is deprecated -W ignore:easy_install command is deprecated setup.py develop --editable --build-directory /home/altair/gaitame/build/gaitamepkg/build --no-deps symlink_data
[1.633s] /home/altair/.local/lib/python3.10/site-packages/setuptools/_distutils/dist.py:261: UserWarning: Unknown distribution option: 'tests_require'
[1.633s]   warnings.warn(msg)
[1.901s] running develop
[2.273s] running egg_info
[2.301s] writing gaitamepkg.egg-info/PKG-INFO
[2.301s] writing dependency_links to gaitamepkg.egg-info/dependency_links.txt
[2.302s] writing entry points to gaitamepkg.egg-info/entry_points.txt
[2.302s] writing requirements to gaitamepkg.egg-info/requires.txt
[2.302s] writing top-level names to gaitamepkg.egg-info/top_level.txt
[2.359s] reading manifest file 'gaitamepkg.egg-info/SOURCES.txt'
[2.360s] writing manifest file 'gaitamepkg.egg-info/SOURCES.txt'
[2.427s] running build_ext
[2.427s] Creating /home/altair/gaitame/install/gaitamepkg/lib/python3.10/site-packages/gaitamepkg.egg-link (link to .)
[2.428s] Installing rviznode script to /home/altair/gaitame/install/gaitamepkg/lib/gaitamepkg
[2.428s] Installing serialnode script to /home/altair/gaitame/install/gaitamepkg/lib/gaitamepkg
[2.428s] 
[2.428s] Installed /home/altair/gaitame/build/gaitamepkg
[2.429s] running symlink_data
[2.473s] Invoked command in '/home/altair/gaitame/build/gaitamepkg' returned '0': PYTHONPATH=/home/altair/gaitame/build/gaitamepkg/prefix_override:/usr/lib/python3/dist-packages/colcon_core/task/python/colcon_distutils_commands:/home/altair/gaitame/install/gaitamepkg/lib/python3.10/site-packages:${PYTHONPATH} /usr/bin/python3 -W ignore:setup.py install is deprecated -W ignore:easy_install command is deprecated setup.py develop --editable --build-directory /home/altair/gaitame/build/gaitamepkg/build --no-deps symlink_data
