[3.739s] Invoking command in '/home/altair/gaitame/build/gaitamepkg': PYTHONPATH=/home/altair/gaitame/build/gaitamepkg/prefix_override:/usr/lib/python3/dist-packages/colcon_core/task/python/colcon_distutils_commands:/home/altair/gaitame/install/gaitamepkg/lib/python3.10/site-packages:${PYTHONPATH} /usr/bin/python3 -W ignore:setup.py install is deprecated -W ignore:easy_install command is deprecated setup.py develop --editable --build-directory /home/altair/gaitame/build/gaitamepkg/build --no-deps symlink_data
[4.152s] /home/altair/.local/lib/python3.10/site-packages/setuptools/_distutils/dist.py:261: UserWarning: Unknown distribution option: 'tests_require'
[4.153s]   warnings.warn(msg)
[4.956s] running develop
[6.216s] running egg_info
[6.312s] writing gaitamepkg.egg-info/PKG-INFO
[6.313s] writing dependency_links to gaitamepkg.egg-info/dependency_links.txt
[6.313s] writing entry points to gaitamepkg.egg-info/entry_points.txt
[6.314s] writing requirements to gaitamepkg.egg-info/requires.txt
[6.314s] writing top-level names to gaitamepkg.egg-info/top_level.txt
[6.593s] reading manifest file 'gaitamepkg.egg-info/SOURCES.txt'
[6.611s] writing manifest file 'gaitamepkg.egg-info/SOURCES.txt'
[6.926s] running build_ext
[6.926s] Creating /home/altair/gaitame/install/gaitamepkg/lib/python3.10/site-packages/gaitamepkg.egg-link (link to .)
[6.928s] Installing rviznode script to /home/altair/gaitame/install/gaitamepkg/lib/gaitamepkg
[6.928s] Installing serialnode script to /home/altair/gaitame/install/gaitamepkg/lib/gaitamepkg
[6.929s] 
[6.929s] Installed /home/altair/gaitame/build/gaitamepkg
[6.929s] running symlink_data
[7.135s] Invoked command in '/home/altair/gaitame/build/gaitamepkg' returned '0': PYTHONPATH=/home/altair/gaitame/build/gaitamepkg/prefix_override:/usr/lib/python3/dist-packages/colcon_core/task/python/colcon_distutils_commands:/home/altair/gaitame/install/gaitamepkg/lib/python3.10/site-packages:${PYTHONPATH} /usr/bin/python3 -W ignore:setup.py install is deprecated -W ignore:easy_install command is deprecated setup.py develop --editable --build-directory /home/altair/gaitame/build/gaitamepkg/build --no-deps symlink_data
