[3.509s] Invoking command in '/home/altair/gaitame/build/gaitamepkg': PYTHONPATH=/home/altair/gaitame/build/gaitamepkg/prefix_override:/usr/lib/python3/dist-packages/colcon_core/task/python/colcon_distutils_commands:/home/altair/gaitame/install/gaitamepkg/lib/python3.10/site-packages:${PYTHONPATH} /usr/bin/python3 -W ignore:setup.py install is deprecated -W ignore:easy_install command is deprecated setup.py develop --editable --build-directory /home/altair/gaitame/build/gaitamepkg/build --no-deps symlink_data
[3.982s] /home/altair/.local/lib/python3.10/site-packages/setuptools/_distutils/dist.py:261: UserWarning: Unknown distribution option: 'tests_require'
[3.982s]   warnings.warn(msg)
[4.702s] running develop
[5.316s] running egg_info
[5.404s] writing gaitamepkg.egg-info/PKG-INFO
[5.405s] writing dependency_links to gaitamepkg.egg-info/dependency_links.txt
[5.405s] writing entry points to gaitamepkg.egg-info/entry_points.txt
[5.405s] writing requirements to gaitamepkg.egg-info/requires.txt
[5.405s] writing top-level names to gaitamepkg.egg-info/top_level.txt
[5.567s] reading manifest file 'gaitamepkg.egg-info/SOURCES.txt'
[5.569s] writing manifest file 'gaitamepkg.egg-info/SOURCES.txt'
[5.743s] running build_ext
[5.743s] Creating /home/altair/gaitame/install/gaitamepkg/lib/python3.10/site-packages/gaitamepkg.egg-link (link to .)
[5.745s] Installing rviznode script to /home/altair/gaitame/install/gaitamepkg/lib/gaitamepkg
[5.746s] Installing serialnode script to /home/altair/gaitame/install/gaitamepkg/lib/gaitamepkg
[5.748s] 
[5.750s] Installed /home/altair/gaitame/build/gaitamepkg
[5.752s] running symlink_data
[5.824s] Invoked command in '/home/altair/gaitame/build/gaitamepkg' returned '0': PYTHONPATH=/home/altair/gaitame/build/gaitamepkg/prefix_override:/usr/lib/python3/dist-packages/colcon_core/task/python/colcon_distutils_commands:/home/altair/gaitame/install/gaitamepkg/lib/python3.10/site-packages:${PYTHONPATH} /usr/bin/python3 -W ignore:setup.py install is deprecated -W ignore:easy_install command is deprecated setup.py develop --editable --build-directory /home/altair/gaitame/build/gaitamepkg/build --no-deps symlink_data
