[2.826s] Invoking command in '/home/altair/gaitame/build/gaitamepkg': PYTHONPATH=/home/altair/gaitame/build/gaitamepkg/prefix_override:/usr/lib/python3/dist-packages/colcon_core/task/python/colcon_distutils_commands:/home/altair/gaitame/install/gaitamepkg/lib/python3.10/site-packages:${PYTHONPATH} /usr/bin/python3 -W ignore:setup.py install is deprecated -W ignore:easy_install command is deprecated setup.py develop --editable --build-directory /home/altair/gaitame/build/gaitamepkg/build --no-deps symlink_data
[3.209s] /home/altair/.local/lib/python3.10/site-packages/setuptools/_distutils/dist.py:261: UserWarning: Unknown distribution option: 'tests_require'
[3.210s]   warnings.warn(msg)
[3.882s] running develop
[4.505s] running egg_info
[4.561s] writing gaitamepkg.egg-info/PKG-INFO
[4.562s] writing dependency_links to gaitamepkg.egg-info/dependency_links.txt
[4.562s] writing entry points to gaitamepkg.egg-info/entry_points.txt
[4.562s] writing requirements to gaitamepkg.egg-info/requires.txt
[4.562s] writing top-level names to gaitamepkg.egg-info/top_level.txt
[4.637s] reading manifest file 'gaitamepkg.egg-info/SOURCES.txt'
[4.638s] writing manifest file 'gaitamepkg.egg-info/SOURCES.txt'
[4.811s] running build_ext
[4.811s] Creating /home/altair/gaitame/install/gaitamepkg/lib/python3.10/site-packages/gaitamepkg.egg-link (link to .)
[4.812s] Installing rviznode script to /home/altair/gaitame/install/gaitamepkg/lib/gaitamepkg
[4.813s] Installing serialnode script to /home/altair/gaitame/install/gaitamepkg/lib/gaitamepkg
[4.813s] 
[4.813s] Installed /home/altair/gaitame/build/gaitamepkg
[4.813s] running symlink_data
[4.916s] Invoked command in '/home/altair/gaitame/build/gaitamepkg' returned '0': PYTHONPATH=/home/altair/gaitame/build/gaitamepkg/prefix_override:/usr/lib/python3/dist-packages/colcon_core/task/python/colcon_distutils_commands:/home/altair/gaitame/install/gaitamepkg/lib/python3.10/site-packages:${PYTHONPATH} /usr/bin/python3 -W ignore:setup.py install is deprecated -W ignore:easy_install command is deprecated setup.py develop --editable --build-directory /home/altair/gaitame/build/gaitamepkg/build --no-deps symlink_data
