[2.460s] Invoking command in '/home/altair/gaitame/build/gaitamepkg': PYTHONPATH=/home/altair/gaitame/build/gaitamepkg/prefix_override:/usr/lib/python3/dist-packages/colcon_core/task/python/colcon_distutils_commands:/home/altair/gaitame/install/gaitamepkg/lib/python3.10/site-packages:${PYTHONPATH} /usr/bin/python3 -W ignore:setup.py install is deprecated -W ignore:easy_install command is deprecated setup.py develop --editable --build-directory /home/altair/gaitame/build/gaitamepkg/build --no-deps symlink_data
[2.839s] /home/altair/.local/lib/python3.10/site-packages/setuptools/_distutils/dist.py:261: UserWarning: Unknown distribution option: 'tests_require'
[2.839s]   warnings.warn(msg)
[3.308s] running develop
[3.902s] running egg_info
[3.990s] writing gaitamepkg.egg-info/PKG-INFO
[3.994s] writing dependency_links to gaitamepkg.egg-info/dependency_links.txt
[3.997s] writing entry points to gaitamepkg.egg-info/entry_points.txt
[3.999s] writing requirements to gaitamepkg.egg-info/requires.txt
[4.000s] writing top-level names to gaitamepkg.egg-info/top_level.txt
[4.143s] reading manifest file 'gaitamepkg.egg-info/SOURCES.txt'
[4.144s] writing manifest file 'gaitamepkg.egg-info/SOURCES.txt'
[4.299s] running build_ext
[4.299s] Creating /home/altair/gaitame/install/gaitamepkg/lib/python3.10/site-packages/gaitamepkg.egg-link (link to .)
[4.301s] Installing rviznode script to /home/altair/gaitame/install/gaitamepkg/lib/gaitamepkg
[4.302s] Installing serialnode script to /home/altair/gaitame/install/gaitamepkg/lib/gaitamepkg
[4.305s] 
[4.306s] Installed /home/altair/gaitame/build/gaitamepkg
[4.307s] running symlink_data
[4.405s] Invoked command in '/home/altair/gaitame/build/gaitamepkg' returned '0': PYTHONPATH=/home/altair/gaitame/build/gaitamepkg/prefix_override:/usr/lib/python3/dist-packages/colcon_core/task/python/colcon_distutils_commands:/home/altair/gaitame/install/gaitamepkg/lib/python3.10/site-packages:${PYTHONPATH} /usr/bin/python3 -W ignore:setup.py install is deprecated -W ignore:easy_install command is deprecated setup.py develop --editable --build-directory /home/altair/gaitame/build/gaitamepkg/build --no-deps symlink_data
