[1.693s] Invoking command in '/home/altair/gaitame/build/gaitamepkg': PYTHONPATH=/home/altair/gaitame/build/gaitamepkg/prefix_override:/usr/lib/python3/dist-packages/colcon_core/task/python/colcon_distutils_commands:/home/altair/gaitame/install/gaitamepkg/lib/python3.10/site-packages:${PYTHONPATH} /usr/bin/python3 -W ignore:setup.py install is deprecated -W ignore:easy_install command is deprecated setup.py develop --editable --build-directory /home/altair/gaitame/build/gaitamepkg/build --no-deps symlink_data
[1.985s] /home/altair/.local/lib/python3.10/site-packages/setuptools/_distutils/dist.py:261: UserWarning: Unknown distribution option: 'tests_require'
[1.985s]   warnings.warn(msg)
[2.391s] running develop
[2.943s] running egg_info
[2.984s] creating gaitamepkg.egg-info
[2.985s] writing gaitamepkg.egg-info/PKG-INFO
[2.985s] writing dependency_links to gaitamepkg.egg-info/dependency_links.txt
[2.985s] writing entry points to gaitamepkg.egg-info/entry_points.txt
[2.985s] writing requirements to gaitamepkg.egg-info/requires.txt
[2.985s] writing top-level names to gaitamepkg.egg-info/top_level.txt
[2.986s] writing manifest file 'gaitamepkg.egg-info/SOURCES.txt'
[3.044s] reading manifest file 'gaitamepkg.egg-info/SOURCES.txt'
[3.045s] writing manifest file 'gaitamepkg.egg-info/SOURCES.txt'
[3.125s] running build_ext
[3.125s] Creating /home/altair/gaitame/install/gaitamepkg/lib/python3.10/site-packages/gaitamepkg.egg-link (link to .)
[3.126s] Installing rviznode script to /home/altair/gaitame/install/gaitamepkg/lib/gaitamepkg
[3.127s] Installing serialnode script to /home/altair/gaitame/install/gaitamepkg/lib/gaitamepkg
[3.127s] 
[3.127s] Installed /home/altair/gaitame/build/gaitamepkg
[3.127s] running symlink_data
[3.187s] Invoked command in '/home/altair/gaitame/build/gaitamepkg' returned '0': PYTHONPATH=/home/altair/gaitame/build/gaitamepkg/prefix_override:/usr/lib/python3/dist-packages/colcon_core/task/python/colcon_distutils_commands:/home/altair/gaitame/install/gaitamepkg/lib/python3.10/site-packages:${PYTHONPATH} /usr/bin/python3 -W ignore:setup.py install is deprecated -W ignore:easy_install command is deprecated setup.py develop --editable --build-directory /home/altair/gaitame/build/gaitamepkg/build --no-deps symlink_data
