[3.324s] Invoking command in '/home/altair/gaitame/build/gaitamepkg': PYTHONPATH=/home/altair/gaitame/build/gaitamepkg/prefix_override:/usr/lib/python3/dist-packages/colcon_core/task/python/colcon_distutils_commands:/home/altair/gaitame/install/gaitamepkg/lib/python3.10/site-packages:${PYTHONPATH} /usr/bin/python3 -W ignore:setup.py install is deprecated -W ignore:easy_install command is deprecated setup.py develop --editable --build-directory /home/altair/gaitame/build/gaitamepkg/build --no-deps symlink_data
[3.889s] /home/altair/.local/lib/python3.10/site-packages/setuptools/_distutils/dist.py:261: UserWarning: Unknown distribution option: 'tests_require'
[3.890s]   warnings.warn(msg)
[4.593s] running develop
[5.809s] running egg_info
[5.893s] writing gaitamepkg.egg-info/PKG-INFO
[5.894s] writing dependency_links to gaitamepkg.egg-info/dependency_links.txt
[5.894s] writing entry points to gaitamepkg.egg-info/entry_points.txt
[5.895s] writing requirements to gaitamepkg.egg-info/requires.txt
[5.896s] writing top-level names to gaitamepkg.egg-info/top_level.txt
[6.073s] reading manifest file 'gaitamepkg.egg-info/SOURCES.txt'
[6.075s] writing manifest file 'gaitamepkg.egg-info/SOURCES.txt'
[6.359s] running build_ext
[6.361s] Creating /home/altair/gaitame/install/gaitamepkg/lib/python3.10/site-packages/gaitamepkg.egg-link (link to .)
[6.369s] Installing rviznode script to /home/altair/gaitame/install/gaitamepkg/lib/gaitamepkg
[6.374s] Installing serialnode script to /home/altair/gaitame/install/gaitamepkg/lib/gaitamepkg
[6.377s] 
[6.378s] Installed /home/altair/gaitame/build/gaitamepkg
[6.383s] running symlink_data
[6.544s] Invoked command in '/home/altair/gaitame/build/gaitamepkg' returned '0': PYTHONPATH=/home/altair/gaitame/build/gaitamepkg/prefix_override:/usr/lib/python3/dist-packages/colcon_core/task/python/colcon_distutils_commands:/home/altair/gaitame/install/gaitamepkg/lib/python3.10/site-packages:${PYTHONPATH} /usr/bin/python3 -W ignore:setup.py install is deprecated -W ignore:easy_install command is deprecated setup.py develop --editable --build-directory /home/altair/gaitame/build/gaitamepkg/build --no-deps symlink_data
