[2.763s] Invoking command in '/home/altair/gaitame/build/gaitamepkg': PYTHONPATH=/home/altair/gaitame/build/gaitamepkg/prefix_override:/usr/lib/python3/dist-packages/colcon_core/task/python/colcon_distutils_commands:/home/altair/gaitame/install/gaitamepkg/lib/python3.10/site-packages:${PYTHONPATH} /usr/bin/python3 -W ignore:setup.py install is deprecated -W ignore:easy_install command is deprecated setup.py develop --editable --build-directory /home/altair/gaitame/build/gaitamepkg/build --no-deps symlink_data
[3.375s] /home/altair/.local/lib/python3.10/site-packages/setuptools/_distutils/dist.py:261: UserWarning: Unknown distribution option: 'tests_require'
[3.376s]   warnings.warn(msg)
[3.829s] running develop
[4.561s] running egg_info
[4.605s] writing gaitamepkg.egg-info/PKG-INFO
[4.605s] writing dependency_links to gaitamepkg.egg-info/dependency_links.txt
[4.605s] writing entry points to gaitamepkg.egg-info/entry_points.txt
[4.605s] writing requirements to gaitamepkg.egg-info/requires.txt
[4.605s] writing top-level names to gaitamepkg.egg-info/top_level.txt
[4.721s] reading manifest file 'gaitamepkg.egg-info/SOURCES.txt'
[4.722s] writing manifest file 'gaitamepkg.egg-info/SOURCES.txt'
[4.834s] running build_ext
[4.834s] Creating /home/altair/gaitame/install/gaitamepkg/lib/python3.10/site-packages/gaitamepkg.egg-link (link to .)
[4.835s] Installing rviznode script to /home/altair/gaitame/install/gaitamepkg/lib/gaitamepkg
[4.835s] Installing serialnode script to /home/altair/gaitame/install/gaitamepkg/lib/gaitamepkg
[4.836s] 
[4.836s] Installed /home/altair/gaitame/build/gaitamepkg
[4.836s] running symlink_data
[4.894s] Invoked command in '/home/altair/gaitame/build/gaitamepkg' returned '0': PYTHONPATH=/home/altair/gaitame/build/gaitamepkg/prefix_override:/usr/lib/python3/dist-packages/colcon_core/task/python/colcon_distutils_commands:/home/altair/gaitame/install/gaitamepkg/lib/python3.10/site-packages:${PYTHONPATH} /usr/bin/python3 -W ignore:setup.py install is deprecated -W ignore:easy_install command is deprecated setup.py develop --editable --build-directory /home/altair/gaitame/build/gaitamepkg/build --no-deps symlink_data
