[1.619s] Invoking command in '/home/altair/gaitame/build/gaitamepkg': PYTHONPATH=/home/altair/gaitame/build/gaitamepkg/prefix_override:/usr/lib/python3/dist-packages/colcon_core/task/python/colcon_distutils_commands:/home/altair/gaitame/install/gaitamepkg/lib/python3.10/site-packages:${PYTHONPATH} /usr/bin/python3 -W ignore:setup.py install is deprecated -W ignore:easy_install command is deprecated setup.py develop --editable --build-directory /home/altair/gaitame/build/gaitamepkg/build --no-deps symlink_data
[1.890s] /home/altair/.local/lib/python3.10/site-packages/setuptools/_distutils/dist.py:261: UserWarning: Unknown distribution option: 'tests_require'
[1.890s]   warnings.warn(msg)
[2.185s] running develop
[2.579s] running egg_info
[2.607s] writing gaitamepkg.egg-info/PKG-INFO
[2.607s] writing dependency_links to gaitamepkg.egg-info/dependency_links.txt
[2.607s] writing entry points to gaitamepkg.egg-info/entry_points.txt
[2.607s] writing requirements to gaitamepkg.egg-info/requires.txt
[2.608s] writing top-level names to gaitamepkg.egg-info/top_level.txt
[2.679s] reading manifest file 'gaitamepkg.egg-info/SOURCES.txt'
[2.680s] writing manifest file 'gaitamepkg.egg-info/SOURCES.txt'
[2.818s] running build_ext
[2.818s] Creating /home/altair/gaitame/install/gaitamepkg/lib/python3.10/site-packages/gaitamepkg.egg-link (link to .)
[2.820s] Installing rviznode script to /home/altair/gaitame/install/gaitamepkg/lib/gaitamepkg
[2.820s] Installing serialnode script to /home/altair/gaitame/install/gaitamepkg/lib/gaitamepkg
[2.820s] 
[2.820s] Installed /home/altair/gaitame/build/gaitamepkg
[2.820s] running symlink_data
[2.876s] Invoked command in '/home/altair/gaitame/build/gaitamepkg' returned '0': PYTHONPATH=/home/altair/gaitame/build/gaitamepkg/prefix_override:/usr/lib/python3/dist-packages/colcon_core/task/python/colcon_distutils_commands:/home/altair/gaitame/install/gaitamepkg/lib/python3.10/site-packages:${PYTHONPATH} /usr/bin/python3 -W ignore:setup.py install is deprecated -W ignore:easy_install command is deprecated setup.py develop --editable --build-directory /home/altair/gaitame/build/gaitamepkg/build --no-deps symlink_data
