[1.655s] Invoking command in '/home/altair/gaitame/build/gaitamepkg': PYTHONPATH=/home/altair/gaitame/build/gaitamepkg/prefix_override:/usr/lib/python3/dist-packages/colcon_core/task/python/colcon_distutils_commands:/home/altair/gaitame/install/gaitamepkg/lib/python3.10/site-packages:${PYTHONPATH} /usr/bin/python3 -W ignore:setup.py install is deprecated -W ignore:easy_install command is deprecated setup.py develop --editable --build-directory /home/altair/gaitame/build/gaitamepkg/build --no-deps symlink_data
[1.887s] /home/altair/.local/lib/python3.10/site-packages/setuptools/_distutils/dist.py:261: UserWarning: Unknown distribution option: 'tests_require'
[1.887s]   warnings.warn(msg)
[2.223s] running develop
[2.643s] running egg_info
[2.670s] writing gaitamepkg.egg-info/PKG-INFO
[2.671s] writing dependency_links to gaitamepkg.egg-info/dependency_links.txt
[2.671s] writing entry points to gaitamepkg.egg-info/entry_points.txt
[2.671s] writing requirements to gaitamepkg.egg-info/requires.txt
[2.671s] writing top-level names to gaitamepkg.egg-info/top_level.txt
[2.755s] reading manifest file 'gaitamepkg.egg-info/SOURCES.txt'
[2.757s] writing manifest file 'gaitamepkg.egg-info/SOURCES.txt'
[2.824s] running build_ext
[2.824s] Creating /home/altair/gaitame/install/gaitamepkg/lib/python3.10/site-packages/gaitamepkg.egg-link (link to .)
[2.825s] Installing matplotlib_debug_node script to /home/altair/gaitame/install/gaitamepkg/lib/gaitamepkg
[2.825s] Installing rviznode script to /home/altair/gaitame/install/gaitamepkg/lib/gaitamepkg
[2.826s] Installing serialnode script to /home/altair/gaitame/install/gaitamepkg/lib/gaitamepkg
[2.826s] 
[2.826s] Installed /home/altair/gaitame/build/gaitamepkg
[2.826s] running symlink_data
[2.916s] Invoked command in '/home/altair/gaitame/build/gaitamepkg' returned '0': PYTHONPATH=/home/altair/gaitame/build/gaitamepkg/prefix_override:/usr/lib/python3/dist-packages/colcon_core/task/python/colcon_distutils_commands:/home/altair/gaitame/install/gaitamepkg/lib/python3.10/site-packages:${PYTHONPATH} /usr/bin/python3 -W ignore:setup.py install is deprecated -W ignore:easy_install command is deprecated setup.py develop --editable --build-directory /home/altair/gaitame/build/gaitamepkg/build --no-deps symlink_data
