[1.292s] Invoking command in '/home/altair/gaitame/build/gaitamepkg': PYTHONPATH=/home/altair/gaitame/build/gaitamepkg/prefix_override:/usr/lib/python3/dist-packages/colcon_core/task/python/colcon_distutils_commands:/home/altair/gaitame/install/gaitamepkg/lib/python3.10/site-packages:${PYTHONPATH} /usr/bin/python3 -W ignore:setup.py install is deprecated -W ignore:easy_install command is deprecated setup.py develop --editable --build-directory /home/altair/gaitame/build/gaitamepkg/build --no-deps symlink_data
[1.499s] /home/altair/.local/lib/python3.10/site-packages/setuptools/_distutils/dist.py:261: UserWarning: Unknown distribution option: 'tests_require'
[1.499s]   warnings.warn(msg)
[1.784s] running develop
[2.186s] running egg_info
[2.215s] writing gaitamepkg.egg-info/PKG-INFO
[2.215s] writing dependency_links to gaitamepkg.egg-info/dependency_links.txt
[2.215s] writing entry points to gaitamepkg.egg-info/entry_points.txt
[2.215s] writing requirements to gaitamepkg.egg-info/requires.txt
[2.216s] writing top-level names to gaitamepkg.egg-info/top_level.txt
[2.276s] reading manifest file 'gaitamepkg.egg-info/SOURCES.txt'
[2.277s] writing manifest file 'gaitamepkg.egg-info/SOURCES.txt'
[2.348s] running build_ext
[2.348s] Creating /home/altair/gaitame/install/gaitamepkg/lib/python3.10/site-packages/gaitamepkg.egg-link (link to .)
[2.349s] Installing rviznode script to /home/altair/gaitame/install/gaitamepkg/lib/gaitamepkg
[2.349s] Installing serialnode script to /home/altair/gaitame/install/gaitamepkg/lib/gaitamepkg
[2.349s] 
[2.350s] Installed /home/altair/gaitame/build/gaitamepkg
[2.350s] running symlink_data
[2.398s] Invoked command in '/home/altair/gaitame/build/gaitamepkg' returned '0': PYTHONPATH=/home/altair/gaitame/build/gaitamepkg/prefix_override:/usr/lib/python3/dist-packages/colcon_core/task/python/colcon_distutils_commands:/home/altair/gaitame/install/gaitamepkg/lib/python3.10/site-packages:${PYTHONPATH} /usr/bin/python3 -W ignore:setup.py install is deprecated -W ignore:easy_install command is deprecated setup.py develop --editable --build-directory /home/altair/gaitame/build/gaitamepkg/build --no-deps symlink_data
