[5.444s] Invoking command in '/home/altair/gaitame/build/gaitamepkg': PYTHONPATH=/home/altair/gaitame/build/gaitamepkg/prefix_override:/usr/lib/python3/dist-packages/colcon_core/task/python/colcon_distutils_commands:/home/altair/gaitame/install/gaitamepkg/lib/python3.10/site-packages:${PYTHONPATH} /usr/bin/python3 -W ignore:setup.py install is deprecated -W ignore:easy_install command is deprecated setup.py develop --editable --build-directory /home/altair/gaitame/build/gaitamepkg/build --no-deps symlink_data
[6.429s] /home/altair/.local/lib/python3.10/site-packages/setuptools/_distutils/dist.py:261: UserWarning: Unknown distribution option: 'tests_require'
[6.430s]   warnings.warn(msg)
[8.053s] running develop
[10.620s] running egg_info
[10.799s] writing gaitamepkg.egg-info/PKG-INFO
[10.801s] writing dependency_links to gaitamepkg.egg-info/dependency_links.txt
[10.803s] writing entry points to gaitamepkg.egg-info/entry_points.txt
[10.806s] writing requirements to gaitamepkg.egg-info/requires.txt
[10.809s] writing top-level names to gaitamepkg.egg-info/top_level.txt
[11.193s] reading manifest file 'gaitamepkg.egg-info/SOURCES.txt'
[11.195s] writing manifest file 'gaitamepkg.egg-info/SOURCES.txt'
[11.330s] running build_ext
[11.330s] Creating /home/altair/gaitame/install/gaitamepkg/lib/python3.10/site-packages/gaitamepkg.egg-link (link to .)
[11.331s] Installing rviznode script to /home/altair/gaitame/install/gaitamepkg/lib/gaitamepkg
[11.331s] Installing serialnode script to /home/altair/gaitame/install/gaitamepkg/lib/gaitamepkg
[11.331s] 
[11.331s] Installed /home/altair/gaitame/build/gaitamepkg
[11.331s] running symlink_data
[11.507s] Invoked command in '/home/altair/gaitame/build/gaitamepkg' returned '0': PYTHONPATH=/home/altair/gaitame/build/gaitamepkg/prefix_override:/usr/lib/python3/dist-packages/colcon_core/task/python/colcon_distutils_commands:/home/altair/gaitame/install/gaitamepkg/lib/python3.10/site-packages:${PYTHONPATH} /usr/bin/python3 -W ignore:setup.py install is deprecated -W ignore:easy_install command is deprecated setup.py develop --editable --build-directory /home/altair/gaitame/build/gaitamepkg/build --no-deps symlink_data
