[3.718s] Invoking command in '/home/altair/gaitame/build/gaitamepkg': PYTHONPATH=/home/altair/gaitame/build/gaitamepkg/prefix_override:/usr/lib/python3/dist-packages/colcon_core/task/python/colcon_distutils_commands:/home/altair/gaitame/install/gaitamepkg/lib/python3.10/site-packages:${PYTHONPATH} /usr/bin/python3 -W ignore:setup.py install is deprecated -W ignore:easy_install command is deprecated setup.py develop --editable --build-directory /home/altair/gaitame/build/gaitamepkg/build --no-deps symlink_data
[4.325s] /home/altair/.local/lib/python3.10/site-packages/setuptools/_distutils/dist.py:261: UserWarning: Unknown distribution option: 'tests_require'
[4.327s]   warnings.warn(msg)
[5.292s] running develop
[6.331s] running egg_info
[6.390s] writing gaitamepkg.egg-info/PKG-INFO
[6.391s] writing dependency_links to gaitamepkg.egg-info/dependency_links.txt
[6.391s] writing entry points to gaitamepkg.egg-info/entry_points.txt
[6.392s] writing requirements to gaitamepkg.egg-info/requires.txt
[6.392s] writing top-level names to gaitamepkg.egg-info/top_level.txt
[6.597s] reading manifest file 'gaitamepkg.egg-info/SOURCES.txt'
[6.600s] writing manifest file 'gaitamepkg.egg-info/SOURCES.txt'
[6.824s] running build_ext
[6.825s] Creating /home/altair/gaitame/install/gaitamepkg/lib/python3.10/site-packages/gaitamepkg.egg-link (link to .)
[6.826s] Installing rviznode script to /home/altair/gaitame/install/gaitamepkg/lib/gaitamepkg
[6.827s] Installing serialnode script to /home/altair/gaitame/install/gaitamepkg/lib/gaitamepkg
[6.828s] 
[6.829s] Installed /home/altair/gaitame/build/gaitamepkg
[6.829s] running symlink_data
[6.949s] Invoked command in '/home/altair/gaitame/build/gaitamepkg' returned '0': PYTHONPATH=/home/altair/gaitame/build/gaitamepkg/prefix_override:/usr/lib/python3/dist-packages/colcon_core/task/python/colcon_distutils_commands:/home/altair/gaitame/install/gaitamepkg/lib/python3.10/site-packages:${PYTHONPATH} /usr/bin/python3 -W ignore:setup.py install is deprecated -W ignore:easy_install command is deprecated setup.py develop --editable --build-directory /home/altair/gaitame/build/gaitamepkg/build --no-deps symlink_data
