[1.797s] Invoking command in '/home/altair/gaitame/build/gaitamepkg': PYTHONPATH=/home/altair/gaitame/build/gaitamepkg/prefix_override:/usr/lib/python3/dist-packages/colcon_core/task/python/colcon_distutils_commands:/home/altair/gaitame/install/gaitamepkg/lib/python3.10/site-packages:${PYTHONPATH} /usr/bin/python3 -W ignore:setup.py install is deprecated -W ignore:easy_install command is deprecated setup.py develop --editable --build-directory /home/altair/gaitame/build/gaitamepkg/build --no-deps symlink_data
[2.082s] /home/altair/.local/lib/python3.10/site-packages/setuptools/_distutils/dist.py:261: UserWarning: Unknown distribution option: 'tests_require'
[2.082s]   warnings.warn(msg)
[2.476s] running develop
[2.938s] running egg_info
[2.983s] writing gaitamepkg.egg-info/PKG-INFO
[2.983s] writing dependency_links to gaitamepkg.egg-info/dependency_links.txt
[2.984s] writing entry points to gaitamepkg.egg-info/entry_points.txt
[2.984s] writing requirements to gaitamepkg.egg-info/requires.txt
[2.984s] writing top-level names to gaitamepkg.egg-info/top_level.txt
[3.070s] reading manifest file 'gaitamepkg.egg-info/SOURCES.txt'
[3.072s] writing manifest file 'gaitamepkg.egg-info/SOURCES.txt'
[3.186s] running build_ext
[3.186s] Creating /home/altair/gaitame/install/gaitamepkg/lib/python3.10/site-packages/gaitamepkg.egg-link (link to .)
[3.187s] Installing rviznode script to /home/altair/gaitame/install/gaitamepkg/lib/gaitamepkg
[3.187s] Installing serialnode script to /home/altair/gaitame/install/gaitamepkg/lib/gaitamepkg
[3.187s] 
[3.187s] Installed /home/altair/gaitame/build/gaitamepkg
[3.188s] running symlink_data
[3.275s] Invoked command in '/home/altair/gaitame/build/gaitamepkg' returned '0': PYTHONPATH=/home/altair/gaitame/build/gaitamepkg/prefix_override:/usr/lib/python3/dist-packages/colcon_core/task/python/colcon_distutils_commands:/home/altair/gaitame/install/gaitamepkg/lib/python3.10/site-packages:${PYTHONPATH} /usr/bin/python3 -W ignore:setup.py install is deprecated -W ignore:easy_install command is deprecated setup.py develop --editable --build-directory /home/altair/gaitame/build/gaitamepkg/build --no-deps symlink_data
