[3.595s] Invoking command in '/home/altair/gaitame/build/gaitamepkg': PYTHONPATH=/home/altair/gaitame/build/gaitamepkg/prefix_override:/usr/lib/python3/dist-packages/colcon_core/task/python/colcon_distutils_commands:/home/altair/gaitame/install/gaitamepkg/lib/python3.10/site-packages:${PYTHONPATH} /usr/bin/python3 -W ignore:setup.py install is deprecated -W ignore:easy_install command is deprecated setup.py develop --editable --build-directory /home/altair/gaitame/build/gaitamepkg/build --no-deps symlink_data
[4.156s] /home/altair/.local/lib/python3.10/site-packages/setuptools/_distutils/dist.py:261: UserWarning: Unknown distribution option: 'tests_require'
[4.156s]   warnings.warn(msg)
[4.979s] running develop
[6.133s] running egg_info
[6.176s] writing gaitamepkg.egg-info/PKG-INFO
[6.176s] writing dependency_links to gaitamepkg.egg-info/dependency_links.txt
[6.176s] writing entry points to gaitamepkg.egg-info/entry_points.txt
[6.177s] writing requirements to gaitamepkg.egg-info/requires.txt
[6.177s] writing top-level names to gaitamepkg.egg-info/top_level.txt
[6.410s] reading manifest file 'gaitamepkg.egg-info/SOURCES.txt'
[6.413s] writing manifest file 'gaitamepkg.egg-info/SOURCES.txt'
[6.643s] running build_ext
[6.643s] Creating /home/altair/gaitame/install/gaitamepkg/lib/python3.10/site-packages/gaitamepkg.egg-link (link to .)
[6.645s] Installing rviznode script to /home/altair/gaitame/install/gaitamepkg/lib/gaitamepkg
[6.645s] Installing serialnode script to /home/altair/gaitame/install/gaitamepkg/lib/gaitamepkg
[6.645s] 
[6.645s] Installed /home/altair/gaitame/build/gaitamepkg
[6.646s] running symlink_data
[6.753s] Invoked command in '/home/altair/gaitame/build/gaitamepkg' returned '0': PYTHONPATH=/home/altair/gaitame/build/gaitamepkg/prefix_override:/usr/lib/python3/dist-packages/colcon_core/task/python/colcon_distutils_commands:/home/altair/gaitame/install/gaitamepkg/lib/python3.10/site-packages:${PYTHONPATH} /usr/bin/python3 -W ignore:setup.py install is deprecated -W ignore:easy_install command is deprecated setup.py develop --editable --build-directory /home/altair/gaitame/build/gaitamepkg/build --no-deps symlink_data
