[4.653s] Invoking command in '/home/altair/gaitame/build/gaitamepkg': PYTHONPATH=/home/altair/gaitame/build/gaitamepkg/prefix_override:/usr/lib/python3/dist-packages/colcon_core/task/python/colcon_distutils_commands:/home/altair/gaitame/install/gaitamepkg/lib/python3.10/site-packages:${PYTHONPATH} /usr/bin/python3 -W ignore:setup.py install is deprecated -W ignore:easy_install command is deprecated setup.py develop --editable --build-directory /home/altair/gaitame/build/gaitamepkg/build --no-deps symlink_data
[5.275s] /home/altair/.local/lib/python3.10/site-packages/setuptools/_distutils/dist.py:261: UserWarning: Unknown distribution option: 'tests_require'
[5.276s]   warnings.warn(msg)
[6.933s] running develop
[8.722s] running egg_info
[8.778s] writing gaitamepkg.egg-info/PKG-INFO
[8.778s] writing dependency_links to gaitamepkg.egg-info/dependency_links.txt
[8.778s] writing entry points to gaitamepkg.egg-info/entry_points.txt
[8.779s] writing requirements to gaitamepkg.egg-info/requires.txt
[8.779s] writing top-level names to gaitamepkg.egg-info/top_level.txt
[8.863s] reading manifest file 'gaitamepkg.egg-info/SOURCES.txt'
[8.865s] writing manifest file 'gaitamepkg.egg-info/SOURCES.txt'
[8.999s] running build_ext
[9.002s] Creating /home/altair/gaitame/install/gaitamepkg/lib/python3.10/site-packages/gaitamepkg.egg-link (link to .)
[9.002s] Installing rviznode script to /home/altair/gaitame/install/gaitamepkg/lib/gaitamepkg
[9.002s] Installing serialnode script to /home/altair/gaitame/install/gaitamepkg/lib/gaitamepkg
[9.002s] 
[9.003s] Installed /home/altair/gaitame/build/gaitamepkg
[9.003s] running symlink_data
[9.176s] Invoked command in '/home/altair/gaitame/build/gaitamepkg' returned '0': PYTHONPATH=/home/altair/gaitame/build/gaitamepkg/prefix_override:/usr/lib/python3/dist-packages/colcon_core/task/python/colcon_distutils_commands:/home/altair/gaitame/install/gaitamepkg/lib/python3.10/site-packages:${PYTHONPATH} /usr/bin/python3 -W ignore:setup.py install is deprecated -W ignore:easy_install command is deprecated setup.py develop --editable --build-directory /home/altair/gaitame/build/gaitamepkg/build --no-deps symlink_data
