[3.507s] Invoking command in '/home/altair/gaitame/build/gaitamepkg': PYTHONPATH=/home/altair/gaitame/build/gaitamepkg/prefix_override:/usr/lib/python3/dist-packages/colcon_core/task/python/colcon_distutils_commands:/home/altair/gaitame/install/gaitamepkg/lib/python3.10/site-packages:${PYTHONPATH} /usr/bin/python3 -W ignore:setup.py install is deprecated -W ignore:easy_install command is deprecated setup.py develop --editable --build-directory /home/altair/gaitame/build/gaitamepkg/build --no-deps symlink_data
[4.020s] /home/altair/.local/lib/python3.10/site-packages/setuptools/_distutils/dist.py:261: UserWarning: Unknown distribution option: 'tests_require'
[4.020s]   warnings.warn(msg)
[4.695s] running develop
[5.461s] running egg_info
[5.533s] writing gaitamepkg.egg-info/PKG-INFO
[5.534s] writing dependency_links to gaitamepkg.egg-info/dependency_links.txt
[5.534s] writing entry points to gaitamepkg.egg-info/entry_points.txt
[5.534s] writing requirements to gaitamepkg.egg-info/requires.txt
[5.534s] writing top-level names to gaitamepkg.egg-info/top_level.txt
[5.619s] reading manifest file 'gaitamepkg.egg-info/SOURCES.txt'
[5.630s] writing manifest file 'gaitamepkg.egg-info/SOURCES.txt'
[5.821s] running build_ext
[5.822s] Creating /home/altair/gaitame/install/gaitamepkg/lib/python3.10/site-packages/gaitamepkg.egg-link (link to .)
[5.829s] Installing rviznode script to /home/altair/gaitame/install/gaitamepkg/lib/gaitamepkg
[5.830s] Installing serialnode script to /home/altair/gaitame/install/gaitamepkg/lib/gaitamepkg
[5.833s] 
[5.833s] Installed /home/altair/gaitame/build/gaitamepkg
[5.834s] running symlink_data
[5.915s] Invoked command in '/home/altair/gaitame/build/gaitamepkg' returned '0': PYTHONPATH=/home/altair/gaitame/build/gaitamepkg/prefix_override:/usr/lib/python3/dist-packages/colcon_core/task/python/colcon_distutils_commands:/home/altair/gaitame/install/gaitamepkg/lib/python3.10/site-packages:${PYTHONPATH} /usr/bin/python3 -W ignore:setup.py install is deprecated -W ignore:easy_install command is deprecated setup.py develop --editable --build-directory /home/altair/gaitame/build/gaitamepkg/build --no-deps symlink_data
