[1.602s] Invoking command in '/home/altair/gaitame/build/gaitamepkg': PYTHONPATH=/home/altair/gaitame/build/gaitamepkg/prefix_override:/usr/lib/python3/dist-packages/colcon_core/task/python/colcon_distutils_commands:/home/altair/gaitame/install/gaitamepkg/lib/python3.10/site-packages:${PYTHONPATH} /usr/bin/python3 -W ignore:setup.py install is deprecated -W ignore:easy_install command is deprecated setup.py develop --editable --build-directory /home/altair/gaitame/build/gaitamepkg/build --no-deps symlink_data
[1.835s] /home/altair/.local/lib/python3.10/site-packages/setuptools/_distutils/dist.py:261: UserWarning: Unknown distribution option: 'tests_require'
[1.835s]   warnings.warn(msg)
[2.150s] running develop
[2.550s] running egg_info
[2.578s] writing gaitamepkg.egg-info/PKG-INFO
[2.579s] writing dependency_links to gaitamepkg.egg-info/dependency_links.txt
[2.579s] writing entry points to gaitamepkg.egg-info/entry_points.txt
[2.579s] writing requirements to gaitamepkg.egg-info/requires.txt
[2.579s] writing top-level names to gaitamepkg.egg-info/top_level.txt
[2.635s] reading manifest file 'gaitamepkg.egg-info/SOURCES.txt'
[2.636s] writing manifest file 'gaitamepkg.egg-info/SOURCES.txt'
[2.718s] running build_ext
[2.718s] Creating /home/altair/gaitame/install/gaitamepkg/lib/python3.10/site-packages/gaitamepkg.egg-link (link to .)
[2.719s] Installing rviznode script to /home/altair/gaitame/install/gaitamepkg/lib/gaitamepkg
[2.719s] Installing serialnode script to /home/altair/gaitame/install/gaitamepkg/lib/gaitamepkg
[2.719s] 
[2.720s] Installed /home/altair/gaitame/build/gaitamepkg
[2.720s] running symlink_data
[2.832s] Invoked command in '/home/altair/gaitame/build/gaitamepkg' returned '0': PYTHONPATH=/home/altair/gaitame/build/gaitamepkg/prefix_override:/usr/lib/python3/dist-packages/colcon_core/task/python/colcon_distutils_commands:/home/altair/gaitame/install/gaitamepkg/lib/python3.10/site-packages:${PYTHONPATH} /usr/bin/python3 -W ignore:setup.py install is deprecated -W ignore:easy_install command is deprecated setup.py develop --editable --build-directory /home/altair/gaitame/build/gaitamepkg/build --no-deps symlink_data
