[3.474s] Invoking command in '/home/altair/gaitame/build/gaitamepkg': PYTHONPATH=/home/altair/gaitame/build/gaitamepkg/prefix_override:/usr/lib/python3/dist-packages/colcon_core/task/python/colcon_distutils_commands:/home/altair/gaitame/install/gaitamepkg/lib/python3.10/site-packages:${PYTHONPATH} /usr/bin/python3 -W ignore:setup.py install is deprecated -W ignore:easy_install command is deprecated setup.py develop --editable --build-directory /home/altair/gaitame/build/gaitamepkg/build --no-deps symlink_data
[4.055s] /home/altair/.local/lib/python3.10/site-packages/setuptools/_distutils/dist.py:261: UserWarning: Unknown distribution option: 'tests_require'
[4.055s]   warnings.warn(msg)
[5.052s] running develop
[6.279s] running egg_info
[6.355s] writing gaitamepkg.egg-info/PKG-INFO
[6.356s] writing dependency_links to gaitamepkg.egg-info/dependency_links.txt
[6.356s] writing entry points to gaitamepkg.egg-info/entry_points.txt
[6.356s] writing requirements to gaitamepkg.egg-info/requires.txt
[6.357s] writing top-level names to gaitamepkg.egg-info/top_level.txt
[6.563s] reading manifest file 'gaitamepkg.egg-info/SOURCES.txt'
[6.576s] writing manifest file 'gaitamepkg.egg-info/SOURCES.txt'
[6.811s] running build_ext
[6.811s] Creating /home/altair/gaitame/install/gaitamepkg/lib/python3.10/site-packages/gaitamepkg.egg-link (link to .)
[6.813s] Installing rviznode script to /home/altair/gaitame/install/gaitamepkg/lib/gaitamepkg
[6.813s] Installing serialnode script to /home/altair/gaitame/install/gaitamepkg/lib/gaitamepkg
[6.814s] 
[6.814s] Installed /home/altair/gaitame/build/gaitamepkg
[6.814s] running symlink_data
[7.001s] Invoked command in '/home/altair/gaitame/build/gaitamepkg' returned '0': PYTHONPATH=/home/altair/gaitame/build/gaitamepkg/prefix_override:/usr/lib/python3/dist-packages/colcon_core/task/python/colcon_distutils_commands:/home/altair/gaitame/install/gaitamepkg/lib/python3.10/site-packages:${PYTHONPATH} /usr/bin/python3 -W ignore:setup.py install is deprecated -W ignore:easy_install command is deprecated setup.py develop --editable --build-directory /home/altair/gaitame/build/gaitamepkg/build --no-deps symlink_data
