[2.379s] Invoking command in '/home/altair/gaitame/build/gaitamepkg': PYTHONPATH=/home/altair/gaitame/build/gaitamepkg/prefix_override:/usr/lib/python3/dist-packages/colcon_core/task/python/colcon_distutils_commands:/home/altair/gaitame/install/gaitamepkg/lib/python3.10/site-packages:${PYTHONPATH} /usr/bin/python3 -W ignore:setup.py install is deprecated -W ignore:easy_install command is deprecated setup.py develop --editable --build-directory /home/altair/gaitame/build/gaitamepkg/build --no-deps symlink_data
[2.794s] /home/altair/.local/lib/python3.10/site-packages/setuptools/_distutils/dist.py:261: UserWarning: Unknown distribution option: 'tests_require'
[2.794s]   warnings.warn(msg)
[3.280s] running develop
[3.969s] running egg_info
[4.016s] writing gaitamepkg.egg-info/PKG-INFO
[4.016s] writing dependency_links to gaitamepkg.egg-info/dependency_links.txt
[4.017s] writing entry points to gaitamepkg.egg-info/entry_points.txt
[4.017s] writing requirements to gaitamepkg.egg-info/requires.txt
[4.017s] writing top-level names to gaitamepkg.egg-info/top_level.txt
[4.145s] reading manifest file 'gaitamepkg.egg-info/SOURCES.txt'
[4.146s] writing manifest file 'gaitamepkg.egg-info/SOURCES.txt'
[4.260s] running build_ext
[4.261s] Creating /home/altair/gaitame/install/gaitamepkg/lib/python3.10/site-packages/gaitamepkg.egg-link (link to .)
[4.261s] Installing rviznode script to /home/altair/gaitame/install/gaitamepkg/lib/gaitamepkg
[4.262s] Installing serialnode script to /home/altair/gaitame/install/gaitamepkg/lib/gaitamepkg
[4.262s] 
[4.262s] Installed /home/altair/gaitame/build/gaitamepkg
[4.262s] running symlink_data
[4.345s] Invoked command in '/home/altair/gaitame/build/gaitamepkg' returned '0': PYTHONPATH=/home/altair/gaitame/build/gaitamepkg/prefix_override:/usr/lib/python3/dist-packages/colcon_core/task/python/colcon_distutils_commands:/home/altair/gaitame/install/gaitamepkg/lib/python3.10/site-packages:${PYTHONPATH} /usr/bin/python3 -W ignore:setup.py install is deprecated -W ignore:easy_install command is deprecated setup.py develop --editable --build-directory /home/altair/gaitame/build/gaitamepkg/build --no-deps symlink_data
