[3.528s] Invoking command in '/home/altair/gaitame/build/gaitamepkg': PYTHONPATH=/home/altair/gaitame/build/gaitamepkg/prefix_override:/usr/lib/python3/dist-packages/colcon_core/task/python/colcon_distutils_commands:/home/altair/gaitame/install/gaitamepkg/lib/python3.10/site-packages:${PYTHONPATH} /usr/bin/python3 -W ignore:setup.py install is deprecated -W ignore:easy_install command is deprecated setup.py develop --editable --build-directory /home/altair/gaitame/build/gaitamepkg/build --no-deps symlink_data
[4.116s] /home/altair/.local/lib/python3.10/site-packages/setuptools/_distutils/dist.py:261: UserWarning: Unknown distribution option: 'tests_require'
[4.116s]   warnings.warn(msg)
[4.780s] running develop
[5.987s] running egg_info
[6.043s] writing gaitamepkg.egg-info/PKG-INFO
[6.250s] writing dependency_links to gaitamepkg.egg-info/dependency_links.txt
[6.252s] writing entry points to gaitamepkg.egg-info/entry_points.txt
[6.252s] writing requirements to gaitamepkg.egg-info/requires.txt
[6.253s] writing top-level names to gaitamepkg.egg-info/top_level.txt
[6.375s] reading manifest file 'gaitamepkg.egg-info/SOURCES.txt'
[6.375s] writing manifest file 'gaitamepkg.egg-info/SOURCES.txt'
[6.565s] running build_ext
[6.565s] Creating /home/altair/gaitame/install/gaitamepkg/lib/python3.10/site-packages/gaitamepkg.egg-link (link to .)
[6.567s] Installing rviznode script to /home/altair/gaitame/install/gaitamepkg/lib/gaitamepkg
[6.567s] Installing serialnode script to /home/altair/gaitame/install/gaitamepkg/lib/gaitamepkg
[6.568s] 
[6.568s] Installed /home/altair/gaitame/build/gaitamepkg
[6.568s] running symlink_data
[6.740s] Invoked command in '/home/altair/gaitame/build/gaitamepkg' returned '0': PYTHONPATH=/home/altair/gaitame/build/gaitamepkg/prefix_override:/usr/lib/python3/dist-packages/colcon_core/task/python/colcon_distutils_commands:/home/altair/gaitame/install/gaitamepkg/lib/python3.10/site-packages:${PYTHONPATH} /usr/bin/python3 -W ignore:setup.py install is deprecated -W ignore:easy_install command is deprecated setup.py develop --editable --build-directory /home/altair/gaitame/build/gaitamepkg/build --no-deps symlink_data
